96
6033 14
98867 61493 85725 70864 34466 72495 37727 33013 44060 77516 64536 6594 66727 54186
4570 17
59802 11810 88480 14057 71029 18297 55839 53756 16651 53642 21977 28449 26278 63795 58232 11891 91782
7020 17
49541 47260 50381 49787 46044 44705 99369 88410 4781 99471 93291 41123 20853 18862 8855 36960 46282
2 18
59105 81874 95109 9041 70856 29805 86566 2833 88815 70281 99122 85500 81548 11192 96619 7100 35387 16023
861 17
12061 66169 30771 80790 68776 58188 30714 41257 71082 8887 17567 1884 87155 77320 23409 50850 24596
8130 11
9518 83051 36435 22591 84570 1635 57100 25187 85938 57087 34477
9436 16
16117 83452 72877 46967 59163 96533 38650 9161 19172 13433 21388 32535 67395 77664 89190 2878
1237 15
72602 52381 49956 74375 78183 71061 3845 50412 47455 35104 68167 48645 68615 32230 95397
2103 12
82318 29044 61578 52599 82672 37862 11028 19124 98670 25083 10579 94707
1796 6
1215 17528 1510 28708 24706 63547
7436 9
97220 82794 15286 87458 52041 72142 78204 74957 60441
6373 17
45193 94986 83213 69678 13313 52205 8427 92674 52049 7598 54118 69201 78442 13788 31210 47406 95569
2929 11
87204 54481 70385 58328 136 43243 38703 30469 38518 44911 27023
2338 10
12789 40544 30916 1687 40728 45100 27208 81215 44022 96287
5929 15
877 334 96460 13998 52099 56154 94809 85490 67145 96048 72799 89401 88931 15347 43646
150 11
16788 48953 4579 81884 7834 93103 78811 57972 47914 63625 16000
369 16
3212 5709 6355 15393 79272 35058 51246 77410 30841 42756 26625 74289 78547 13634 9741 68137
4733 7
47422 88175 86421 9902 96083 1952 35775
7595 11
56353 48786 24543 44899 481 49988 82648 96763 10927 74058 95799
6144 10
72922 93351 2429 61402 85534 73835 87952 76837 35911 92326
7642 9
53623 50439 65564 45911 51285 57859 82987 79888 54561
1218 6
56163 56959 45051 46997 78377 26083
8027 10
74019 50058 31652 61414 38730 42698 11158 33227 57201 98265
6362 10
30994 63903 76049 79036 37087 45872 8233 61716 7018 91293
4678 12
48063 51708 42707 12483 1812 10016 82577 26810 14409 49332 5858 97242
3736 9
65376 72466 58935 93054 19745 74801 97822 70435 14771
8208 6
4970 47527 89192 72214 42598 98909
2180 7
61022 28685 61571 26314 79930 54913 27253
7271 7
13336 40932 63735 24249 47977 28523 86785
1231 4
95083 62763 90934 69045
2428 3
83928 92154 35473
2550 9
77956 37967 58338 80558 9757 43330 4811 71671 58905
8693 5
36047 20390 64123 74924 49482
1647 5
77604 81694 10464 83803 23553
431 4
66348 60018 74607 12489
4468 4
25693 96334 9832 54809
5478 5
46017 24697 30860 68316 92606
1754 6
54286 9552 7377 77474 92246 66854
1352 3
56787 10891 1598
691 3
14374 62580 91267
1142 2
71466 63048
6800 7
12400 63815 83089 88125 62814 1443 20516
8321 4
64684 5112 80921 94225
4976 5
13666 92092 32179 61870 9236
8942 5
41364 64529 99125 56294 38874
3015 8
57506 60802 45619 10788 4840 84758 44696 94206
9825 7
91004 69417 72658 74272 2204 51662 80134
9529 4
43179 76740 24122 99083
4389 6
39261 74165 99414 60294 22534 45003
7633 6
86135 14810 55372 58281 30762 23714
84 4
37438 33692 45810 90880
6578 5
76143 5637 96914 23222 18702
3086 4
1206 80123 92597 4889
4765 7
25756 6229 66924 24362 46300 60786 36278
5514 3
55264 12511 9165
2361 2
49105 24056
4256 5
96044 27314 805 59251 77955
2419 2
35240 24024
330 3
56004 72030 96557
7162 7
98655 20568 76968 566 75023 86002 47743
1539 2
33779 42991
5959 1
63552
2117 2
99343 66685
2092 1
21308
2749 4
53364 71699 32398 99205
9644 5
91663 44636 45307 12269 90527
6919 3
21141 60227 56802
6624 3
75489 61135 71019
9211 2
84030 22757
4578 2
4233 27469
9109 3
18611 9122 21831
7672 1
29371
9113 4
59168 36090 37715 61334
493 2
96132 66739
7185 4
98635 15697 83263 70053
5424 1
94041
5456 3
37659 26549 2203
2458 3
48316 53647 27462
7151 1
86023
3710 2
39019 57110
1712 1
91121
1392 5
4866 55229 20162 2584 41831
3421 1
87438
956 1
70651
1267 3
592 66432 17825
6993 1
2980
2781 2
24572 96913
7216 3
24136 38217 6127
6767 1
82419
2008 3
36114 23002 14715
3100 1
24447
8483 3
81361 78664 90267
6350 1
77825
766 2
33014 94320
5773 1
42583
6909 2
54474 40152

