28
494 394
85046 42876 77292 54677 16061 39947 27663 11891 57290 13843 11892 39232 51710 21942 95442 62459 50710 4072 70742 39417 4913 92806 78087 60763 89942 1355 83667 66598 11536 49695 14549 57348 32700 5528 41815 9036 36722 73218 72195 25468 5870 95362 24120 15238 45450 42325 203 50058 68160 43473 22708 19859 91616 85575 69618 94711 82485 8886 49277 32243 89203 2871 60689 69969 58204 66163 25029 37003 89998 16461 85500 56061 15402 72669 18043 47718 82604 37417 2184 53407 39945 18137 92409 82145 37737 65600 46640 55125 31892 62154 55571 92926 84360 84023 69318 23848 12711 62316 93409 91031 94567 65319 2281 81214 75925 76769 45473 90816 80940 26211 15918 41662 33783 18848 50744 66651 14290 30063 72606 30677 66576 84924 82455 34013 51304 78453 97579 52252 89408 83143 98897 73165 51501 80813 8626 34488 98087 51998 38363 10979 23831 66989 32651 63997 514 94728 17301 14565 71996 35775 6368 90909 63100 1261 92896 71338 66921 3756 2897 11168 86246 15709 41524 51453 37193 59016 52490 58532 79110 31428 91090 20155 48124 3468 95275 25961 94483 70359 61190 55008 931 94260 68668 36792 13147 51655 9078 98346 49895 91800 42632 54438 81103 78535 14405 91928 39395 89145 68949 26427 68458 3207 88363 97546 81633 57432 89857 92555 23278 17895 49939 74020 13447 51899 39711 67066 26920 83628 90931 33063 47869 5833 50846 22768 2655 30990 10320 72793 10048 28067 43534 51509 2339 7505 63783 93943 78117 88294 52012 87001 88627 31715 67511 56789 54162 41959 16056 2068 43327 75958 41506 14171 41748 19962 65054 8983 81181 90397 91391 89651 13387 87724 58071 88923 60721 2073 34018 11224 84450 59986 45057 74678 44604 55756 23772 55941 52226 87946 73735 16248 29179 39538 72011 85905 15614 96225 55320 6241 76838 1963 894 70750 28799 50623 37363 25044 39923 94136 72609 3025 73284 60931 7370 71021 48744 75656 52276 91956 74701 90754 50514 87933 77403 48431 12669 3811 15697 2746 43928 7043 28162 15000 47380 69283 36942 59459 42488 76944 69939 26956 37896 13661 3475 30649 56408 24703 3406 50460 21338 46391 72034 77792 6958 60830 99891 59721 29378 8559 96822 28055 30145 88756 62110 25487 31852 98959 95004 42550 99777 95039 5787 66154 17202 99116 65673 64433 69582 25842 29552 83319 93429 2649 51823 91492 91163 5424 33764 72695 69728 66487 10455 31600 13870 68405 20136 58487 70178 79550 38702 47627 14304 2938 5072 576
769 147
20650 83580 66261 37456 91089 59086 64490 58595 53996 69319 47774 23949 47459 25275 84350 36176 88189 59057 9571 38041 6587 96819 52930 6828 10170 22530 28471 71787 89884 35490 77333 88249 84483 10523 1558 73339 88898 52780 46842 6478 64637 84508 4857 8256 40137 78647 74178 9127 21049 82080 93042 62270 69713 42213 89895 10775 56353 16527 2416 80906 85980 94298 85834 56496 33990 18930 74304 41894 92528 84511 15856 14438 19092 88296 53963 68843 79467 84603 34765 31816 41802 54149 94871 37745 72192 9985 16077 52398 49332 9423 90475 25027 7152 84869 87593 47943 9293 1019 59222 22971 83072 38510 27452 62690 76181 71943 2073 66730 2494 37217 41166 75204 55524 26197 94402 86541 4593 84251 41193 75906 61367 94638 11661 13649 81045 67523 92958 11120 53688 65122 32162 90812 63842 97467 34010 19511 67122 98371 7842 60485 56441 97434 89439 85770 21129 55864 39988
131 183
10273 14821 39947 71710 40769 85956 53347 42677 13987 97645 46617 14428 87487 57008 3797 40217 95264 74043 82232 98373 36640 42025 97059 62165 78173 15508 57199 38016 31874 41407 58968 76046 25054 83286 21652 4735 65707 92689 46067 11401 4110 17275 27231 57873 26178 48097 6977 2025 57721 48629 82630 59613 69572 9154 70279 34235 51033 6877 52056 92466 68759 97763 24639 66032 80035 52275 46041 40335 49798 41126 92745 38482 56437 655 70916 52723 85912 66843 39089 30345 4352 13852 32406 94155 35344 16083 87676 94463 43361 43550 35598 43593 25507 39008 28471 26722 2943 95025 59972 39083 14819 56372 8044 85231 90574 44646 12822 64476 60428 54025 54064 44574 41485 62481 80547 95936 61102 4573 86248 59504 64799 57769 35075 78379 88119 47723 8428 47625 49543 87701 85734 94323 48400 19384 135 31271 81650 61113 46948 69375 22815 8774 26121 75066 74266 38223 88503 30761 65579 39264 51386 86037 95513 27349 93342 21598 31695 33751 4067 38556 63312 58075 84549 41540 3089 84772 29823 50605 96715 55089 63868 41237 34328 10125 30932 40494 55973 21311 44803 71354 76303 58881 41267
8 175
42919 812 57211 43269 95803 89127 75778 63858 65009 69720 99921 92154 84025 20862 12328 20552 58946 91384 75362 44881 87081 11443 2452 48919 46725 35140 63831 55108 29863 96184 54907 78216 95668 86334 95332 67258 20129 52215 4352 53112 12333 92791 70866 38398 42239 68899 18285 33673 5704 73242 22115 4429 2141 86396 46906 94313 19320 16515 9777 65477 90868 18697 14488 39466 94047 8074 39194 96500 73360 5823 91886 83289 22951 38815 71484 90464 66346 15860 70865 70346 25355 831 9734 48171 90583 26363 15304 79422 47674 56442 79878 78829 76462 49305 32821 53440 1721 55557 16610 29371 83539 35845 80950 71831 22851 88883 88290 87908 18226 406 66053 56583 73720 51956 67209 79884 92113 87234 74347 99363 71210 15084 65513 58664 92271 57400 81926 41496 61218 54244 72310 59436 3257 8574 7397 54920 77861 95725 55250 29423 29580 51837 69977 19856 11321 64531 94408 30393 83691 81194 58188 61140 32932 91005 36247 86307 20115 66506 78291 83960 89630 57382 39633 8510 64457 90597 36156 12534 32380 8777 51722 24469 30434 69505 12609
739 35
81839 93748 26364 32044 10818 4083 57453 80757 52978 57525 6363 77760 93504 22510 42337 87269 26406 48976 47928 76221 96332 63951 37513 83057 95026 52597 30617 38195 83318 66693 71369 36488 92157 19746 27445
303 5
87296 36262 28008 55427 56299
803 6
55294 9977 9277 77645 74536 52199
123 5
41628 69561 11155 56868 14636
426 2
68077 94064
140 14
68031 77766 10078 20079 48144 49859 52516 56239 61466 28236 55710 25186 72528 70355
274 11
71058 73061 57033 22098 25155 49932 64797 84745 48944 1007 85196
500 1
59966
394 1
59606
953 110
19674 23978 4486 30641 20055 14811 64009 82756 88933 51695 39573 60991 24952 51714 80656 44256 46128 64725 39611 28828 98369 66784 38553 98556 26753 78506 71967 60828 77901 35973 6752 21663 84717 30783 33476 2675 45923 249 37588 28185 92454 62212 41271 87710 98553 45607 87133 63559 84296 11701 52894 13527 38055 17479 59224 95061 88091 54412 13669 84802 95781 8734 55511 52897 25311 19041 17699 42761 21469 36175 84013 901 79075 86898 39213 52791 65623 73540 50729 28856 84397 17707 79289 42878 9567 69353 53917 56567 2607 13209 27540 82034 67926 43885 31453 72455 74644 15795 62871 94693 26089 54771 43430 99945 23099 73968 83642 47263 26442 48686
97 4
6779 41356 23066 17160
205 97
11752 599 52452 26300 73798 92364 67226 7372 82718 21906 83294 84754 54411 43743 58134 1822 68549 7439 53802 69106 35650 58397 57908 47409 94060 65746 7055 97 94600 77744 18208 16539 53925 65534 94273 66159 19879 21729 77709 53818 76421 97211 86321 55500 39768 97946 5287 90832 30092 67140 7682 64984 1771 6759 11095 7129 21195 18236 14039 94452 56710 68328 26925 97883 67808 97021 13952 46149 42363 64505 41142 65003 52526 45646 39857 9403 50189 11811 12084 21621 60670 80165 36614 66121 28440 99023 91387 19820 83301 11967 11104 44518 30397 37524 38148 2978 9506
555 95
47364 7628 21164 12566 32665 31169 6559 21932 22834 63266 46952 36954 49321 8357 71576 61806 12117 74642 83823 84020 63860 39415 62177 94266 36671 89398 52352 21203 36355 37071 86510 21213 49573 51340 29767 63850 98855 43088 27298 84888 97294 19361 10064 60177 9012 90348 40699 42407 13482 22910 75568 91608 17520 5157 61584 22063 74836 53776 8365 45025 79850 86589 26665 29220 2737 41398 98701 26766 7967 38612 18492 46149 99913 29385 4778 64736 57891 13 36554 70664 22538 56996 45458 44518 39970 55119 85225 53646 43562 77064 39003 78323 32050 89289 7519
132 5
71055 70021 13298 83803 60619
209 81
68838 19318 49706 88408 39632 19230 58903 60632 66980 95939 70504 30854 50382 49275 84737 24762 54136 39498 40013 43265 43750 16153 97572 36382 96742 78442 77169 22692 26181 35739 31059 60390 79613 62217 10437 74476 80624 74309 59778 86556 54504 17155 32117 20723 41049 67107 33949 14410 29372 49057 21991 94489 729 89624 12486 78557 99544 88390 71109 1227 65886 27789 78147 87473 61963 13391 52426 15729 69281 71692 43046 93635 23747 31450 48618 2954 81161 49217 58529 6950 21026
373 78
69352 77503 90191 92117 41162 17357 47712 16507 86676 68000 6212 74641 38942 29273 24941 25317 29634 66626 46370 67304 48823 20076 27656 8118 19175 46325 58246 30098 82933 61371 23041 10382 85376 10674 62230 20337 60636 43007 75357 39048 14381 95338 79798 22989 20831 54706 69930 63726 8403 89909 8186 65744 79661 92456 41708 34986 74714 70394 53593 44840 22995 31031 44515 98501 48583 66240 81668 56123 98217 13535 64047 70731 10901 24759 7098 81120 91760 79330
264 72
64521 67144 87476 37314 42691 75625 83928 59500 84055 45072 2201 73684 40431 39089 50174 76145 27811 6379 51232 63912 54687 46021 31701 79308 82214 30481 21963 53433 87460 46950 70323 87909 9400 35529 62952 12151 54902 49954 51940 77197 13419 80561 59990 12383 79768 27160 38063 65 34732 20372 11541 74946 18369 95724 5459 63026 27422 13607 58695 14457 19022 33161 15520 75065 17331 30200 10214 80131 24576 91231 46099 59904
323 1
83438
253 57
7400 51073 75246 6156 19058 99303 76110 32047 27478 38137 65106 50820 90392 94864 83622 74877 7750 15851 69745 73354 41976 51949 27670 53044 32759 1654 54159 26226 21379 53256 49336 27035 66601 99706 1144 48078 17094 74573 58333 35670 59555 32307 79880 75193 2747 76275 99423 60486 38075 88177 2168 22259 15417 78070 18975 48329 48102
583 54
6404 37125 23200 61399 19256 45263 64718 32258 75793 78927 90818 36876 66903 18661 15379 8171 51635 47784 53036 22385 86939 32327 86316 29 85740 89537 91224 87473 82420 87124 42639 76705 19628 11545 55706 56752 52808 15793 26344 23927 28844 92628 17447 8847 31987 1807 31107 44366 91936 77602 98934 92015 23520 16212
594 45
44015 67034 21556 5216 577 90868 69732 13486 91364 46389 62807 24238 86895 33793 48981 42598 65871 18856 93090 93094 63283 21409 76390 19119 99914 23560 96855 38400 25491 23921 33437 69038 77762 87421 17564 97668 22546 24110 99093 25427 8702 42607 27713 45910 82212
467 30
61378 16458 82610 48295 43081 78527 79497 2404 97520 85675 61663 60436 33622 33295 30015 21581 78789 62690 24679 93299 75606 12668 32562 94177 14570 24320 72256 47182 7571 51520
955 14
74989 73398 54934 17855 8455 95336 46216 11281 5932 5003 10850 88392 21864 34376
3 1
98528

