101
6033 14
98867 61493 85725 70864 34466 72495 37727 33013 44060 77516 64536 6594 66727 54186
4570 17
59802 11810 88480 14057 71029 18297 55839 53756 16651 53642 21977 28449 26278 63795 58232 11891 91782
7020 17
49541 47260 50381 49787 46044 44705 99369 88410 4781 99471 93291 41123 20853 18862 8855 36960 46282
2 18
59105 81874 95109 9041 70856 29805 86566 2833 88815 70281 99122 85500 81548 11192 96619 7100 35387 16023
861 18
12061 66169 30771 80790 68776 58188 30714 41257 71082 8887 17567 1884 87155 77320 50850 23409 24596 88458
8130 12
9518 27833 83051 36435 22591 84570 1635 57100 25187 85938 57087 34477
9436 18
16117 10436 83452 72877 46967 59163 96533 38650 9161 19172 13433 21388 32535 67395 11410 77664 89190 2878
1237 16
72602 52381 49956 74375 78183 71061 3845 50412 47455 35104 68167 48645 68615 32230 95397 64221
2103 17
82318 29044 61578 52599 82672 32613 6743 37862 14424 11028 19124 52840 98670 25083 10579 52305 94707
1796 10
41119 1442 1215 17528 1510 28708 44846 24706 45384 63547
7436 11
97220 82794 25505 15286 87458 52041 72142 78204 74957 56562 60441
6373 20
45193 80426 9687 94986 83213 69678 13313 52205 8427 92674 52049 7598 54118 69201 78442 6790 13788 31210 47406 95569
2929 17
87204 54481 70385 21993 58328 91547 136 81535 35499 46862 43243 38703 30469 38518 44911 27023 27465
2338 16
12789 40544 30916 87519 1687 60888 40728 45100 27208 99450 81215 44022 96287 67777 75286 62534
5929 18
877 334 96460 13998 57092 52099 56154 94809 85490 67145 96048 72799 89401 88931 2572 1451 43646 15347
150 15
33273 16788 48953 4579 17962 81884 7834 93103 78811 96729 57972 47914 63625 16000 96450
369 20
3212 5709 6355 15393 79272 35058 32053 51246 72504 77410 30841 42756 26625 74289 78547 9739 92968 13634 9741 68137
4733 13
53495 47574 47422 77531 88175 86421 9902 96083 25003 96822 70198 35775 1952
7595 15
56353 54100 48786 24543 44899 79599 481 49988 82648 96763 25145 10927 74058 95799 85333
6144 19
72922 33017 93351 2429 42379 61402 85534 98640 5538 73835 34730 58025 87952 76837 53192 35911 92326 75647 6392
7642 12
53623 50439 65564 83250 45911 59009 51285 57859 82987 79888 34994 54561
1218 13
27977 91149 56163 62268 56959 45051 46997 78377 7074 26083 70810 59153 79775
8027 20
74019 50058 33808 28653 11234 11970 27758 31652 61414 76818 38730 42698 66273 47578 11158 16217 33227 57201 33448 98265
6362 15
47254 30994 63903 76049 55192 37087 79036 45872 8233 40445 61716 25797 70466 7018 91293
4678 15
48063 51708 42707 12483 1812 10016 82577 26810 26119 14409 49332 29704 5858 97242 25109
3736 19
61218 65376 33953 28944 58935 72466 56531 5459 93054 19745 74801 51572 97822 70435 14771 43138 59249 6281 72670
8208 14
60293 4970 95535 47527 89192 4513 72214 18566 64399 53248 87423 42598 98909 5565
2180 14
61022 28685 50446 57319 71412 61571 93475 11111 44314 26314 79930 8261 54913 27253
7271 12
13336 40932 62716 63735 79423 24249 11494 47977 28523 1805 86785 85166
1231 10
50913 95083 46637 62763 90934 93993 69045 84602 67879 24078
2428 13
77390 83928 12633 24483 2597 82951 11203 69485 14370 92154 35473 83692 60852
2550 19
77956 37967 58338 70802 80558 25849 98984 77291 9757 4811 43330 25915 35072 74903 66314 22333 60872 71671 58905
8693 17
74548 36047 20390 64123 61202 74924 69895 21149 38325 60780 49482 21768 68741 35608 97527 86501 67336
1647 19
428 15391 76629 32278 77604 3804 81694 10464 87101 91660 3145 83803 39758 17575 76413 2969 54832 23553 18061
431 14
66348 1489 48125 37768 33568 60018 74607 9445 12489 7761 65073 28839 29750 84922
4468 12
80400 25693 37518 90523 96334 9832 44264 96125 19193 41769 54809 71345
5478 19
30835 54915 46017 24697 30860 56354 74149 43878 68316 1704 92606 11330 51544 94881 14111 81888 86859 83138 48890
1754 19
29405 62933 72643 11032 33239 25436 91391 97116 60978 45049 54286 9552 21428 42053 17 7377 77474 92246 66854
1352 10
88807 10730 53141 56787 72680 66945 10891 74571 1598 33381
691 12
40928 14374 47229 4615 62580 98393 63462 91267 74961 92213 43922 65180
1142 11
56941 54623 97972 71466 28894 28631 28156 63048 88186 69884 35688
6800 11
12400 63815 83103 41628 83089 88125 34778 62814 1443 82153 20516
8321 13
28246 64684 28942 5112 41800 69635 87998 87129 20033 80921 93347 75848 94225
4976 17
87711 76445 13666 92092 32179 83784 37490 79906 3997 83021 61870 9236 73118 2945 3294 79198 36526
8942 17
41364 31674 64529 11994 66478 20281 36088 63264 99125 56294 4473 24013 38874 6086 36410 36956 31224
3015 20
32227 57506 61320 60802 62459 50932 12014 45619 10788 56574 45093 4840 84758 44696 34244 94206 34807 18432 59103 55366
9825 16
88978 84101 10778 91004 53762 28843 69417 72658 74272 22302 2204 51662 78362 41850 56591 80134
9529 18
43179 20656 24554 76740 26038 12130 2996 41969 45677 8266 66766 24122 29496 64519 49310 17725 25139 99083
4389 19
11318 39261 18111 68435 33244 79346 74165 31091 89475 99414 60294 22534 74590 54168 79175 45003 59575 86341 30200
7633 14
4235 86135 68482 22303 14810 55372 93275 63037 58281 8546 92913 3852 30762 23714
84 14
37438 58794 33692 71298 90543 18348 82077 37440 90842 18411 45810 90880 41018 82737
6578 10
76143 5637 79026 18760 96914 15324 23222 18702 21252 836
3086 16
2562 75802 1206 69652 40390 96189 99752 80123 46118 92597 6916 45731 4889 55911 67706 71539
4765 17
41937 25756 6229 66924 68898 40877 15853 71951 24362 46300 85113 24363 23708 60786 10403 54555 36278
8158 18
29364 43882 84767 33938 88157 69555 79729 10098 16474 46620 375 31708 33416 84919 39962 63915 30349 91055
5514 11
72346 2548 55264 66841 98431 12511 91981 83995 9165 92950 64176
3372 20
58104 83538 70519 34889 47874 51873 13142 81381 90137 17995 50955 1627 18459 77035 81346 59234 4969 36936 93244 62192
2361 15
49105 9570 53951 9016 78265 24056 99387 50445 64157 43639 78341 85699 27194 7034 11613
4256 20
71393 64685 18564 14682 50621 96044 27314 28656 59528 805 68175 59251 73946 51468 50931 29091 69984 77955 67670 90718
4918 11
12180 2929 6969 41714 4423 3139 8663 74519 59583 35309 73464
2419 10
74102 24649 90113 35240 58347 24024 98688 1496 43120 6987
330 17
239 98597 47329 66343 4819 24391 5331 61998 56004 72030 6304 96557 69497 89467 19359 90911 84079
7162 19
12286 1335 81540 98655 2189 20568 85050 54450 14996 76968 32720 566 12104 75023 86002 62040 47743 40369 23471
1539 14
46661 33779 17310 75734 42991 36832 87469 79506 88340 16223 73615 40839 84840 94002
5959 20
77394 46385 99849 87472 73741 72923 55488 96085 43306 77538 46878 35242 63552 32423 35526 38771 30054 80143 7456 82786
2117 15
74623 99343 66630 66685 75573 51812 69324 13801 23288 7423 20426 64947 26228 16768 77110
2092 11
36046 24670 15757 75237 21308 93702 10972 58411 62323 57172 57253
2749 15
53364 92151 55232 34872 48495 43145 71699 20081 74759 62406 32398 71375 74425 99205 89367
9644 12
5130 91663 44636 13655 45307 73503 16013 50605 12269 92553 22785 90527
6919 13
71543 910 21141 75196 66453 30857 60227 79403 82611 19046 56802 35820 91098
6624 13
75489 78491 10286 61135 45683 82094 64750 80062 38905 65680 71019 16173 86738
9211 19
95659 85682 78020 84030 51184 99321 51143 1390 5768 49402 4542 78749 98128 22757 59839 2447 85039 41582 53659
4578 10
88427 2014 41935 4369 502 90374 24807 4233 81001 27469
9109 19
10455 59799 59149 68699 17673 50051 73314 72686 31577 15604 61200 70187 18611 9122 17036 34645 31552 72750 21831
7672 18
35623 29371 20609 10052 89362 81608 97068 13230 39697 51022 54710 72914 6065 49741 2865 8251 84902 17705
9113 14
97048 38334 90477 56497 24786 88007 24788 59168 36090 44756 88913 63293 37715 61334
493 10
51944 55376 97666 70102 20574 71703 36976 96132 84813 66739
7185 18
42054 98635 90274 76000 15697 52010 83263 28903 70053 23578 30256 41746 85687 41981 51189 3176 14789 90219
5424 14
43517 19173 23161 64329 29789 94041 73218 81383 18223 49064 86577 42200 58046 86821
5456 18
65290 52154 71499 37659 25761 83731 57034 59519 26549 87086 36677 6079 2724 23064 8211 22032 82694 2203
2458 18
16162 21568 29017 48316 24281 64735 47298 93986 88267 28094 78002 44793 23528 24514 53647 42765 13855 27462
7151 10
41231 56613 10556 21172 38851 86023 17264 75861 31687 61179
3710 14
77997 97561 64668 55705 71603 86684 38676 39019 57110 93860 40526 57493 71177 54751
1712 11
19532 89319 91121 21347 12687 69012 44322 48521 29905 10481 26476
1392 10
4866 55229 55121 11874 26918 20162 41831 2584 86576 15227
3421 16
17112 37190 49156 35454 16563 59628 87438 13221 61276 4854 87239 38373 68698 31226 61476 53308
7599 18
65522 15490 55396 15969 55343 44570 82086 25754 15740 87924 94218 80113 84313 79840 6450 14510 85363 13673
956 10
11703 70651 45817 816 79303 2060 95823 15948 19182 73488
1267 20
2829 18473 82685 91226 67886 90776 62486 9453 30878 592 39525 34469 9506 53688 5885 13994 40834 66432 17825 96082
6993 10
33515 53 52974 26720 81627 69164 93421 2980 48603 16950
2781 13
38877 52370 10034 23122 67355 21480 24572 96913 62938 82810 65698 17847 74195
7216 16
24136 33659 34423 77505 42116 93361 27195 42601 36672 38217 9720 33877 6127 8975 23149 97517
6767 16
44190 42432 26393 8860 82419 52410 96093 48198 40514 38202 85726 46386 1299 27318 6143 60472
2008 17
36114 2047 23002 14715 49431 30402 40079 71858 38619 59087 33741 10136 48887 23091 19367 33010 70573
3100 12
39681 87994 89109 24447 34613 13218 25071 37987 5805 21658 94500 10106
8483 19
81033 81361 26049 76251 49378 84643 41421 78664 20365 93036 61336 90267 87806 83333 11983 65811 60238 25305 30428
6350 20
81013 48297 93115 91017 51631 77825 80162 13595 28244 29897 95079 88930 29478 90683 22137 74719 95651 12098 85008 91967
766 15
90430 43871 27478 1981 87213 53126 8598 33014 73864 51401 55432 18280 5864 49908 94320
5773 14
3897 1732 69521 71780 60981 9964 42583 37631 69106 19845 6235 35745 69953 28480
6909 19
8410 64162 42191 54474 20501 19728 40152 46549 80564 7349 83015 80654 9893 28922 11444 86247 18885 50266 70882
8727 18
29925 46263 46623 37728 95019 19231 76113 90270 85539 22394 84266 16388 16316 78207 14292 84050 26077 27508

